{"type": "server", "timestamp": "2021-02-23T11:24:49,247Z", "level": "INFO", "component": "o.e.n.Node", "cluster.name": "docker-cluster", "node.name": "0f8af6a1daa3", "message": "version[7.11.1], pid[6], build[default/docker/ff17057114c2199c9c1bbecc727003a907c0db7a/2021-02-15T13:44:09.394032Z], OS[Linux/5.4.0-65-generic/amd64], JVM[AdoptOpenJDK/OpenJDK 64-Bit Server VM/15.0.1/15.0.1+9]" }
{"type": "server", "timestamp": "2021-02-23T11:24:49,250Z", "level": "INFO", "component": "o.e.n.Node", "cluster.name": "docker-cluster", "node.name": "0f8af6a1daa3", "message": "JVM home [/usr/share/elasticsearch/jdk], using bundled JDK [true]" }
{"type": "server", "timestamp": "2021-02-23T11:24:49,251Z", "level": "INFO", "component": "o.e.n.Node", "cluster.name": "docker-cluster", "node.name": "0f8af6a1daa3", "message": "JVM arguments [-Xshare:auto, -Des.networkaddress.cache.ttl=60, -Des.networkaddress.cache.negative.ttl=10, -XX:+AlwaysPreTouch, -Xss1m, -Djava.awt.headless=true, -Dfile.encoding=UTF-8, -Djna.nosys=true, -XX:-OmitStackTraceInFastThrow, -XX:+ShowCodeDetailsInExceptionMessages, -Dio.netty.noUnsafe=true, -Dio.netty.noKeySetOptimization=true, -Dio.netty.recycler.maxCapacityPerThread=0, -Dio.netty.allocator.numDirectArenas=0, -Dlog4j.shutdownHookEnabled=false, -Dlog4j2.disable.jmx=true, -Djava.locale.providers=SPI,COMPAT, -XX:+UseG1GC, -Djava.io.tmpdir=/tmp/elasticsearch-10325844134975922343, -XX:+HeapDumpOnOutOfMemoryError, -XX:HeapDumpPath=data, -XX:ErrorFile=logs/hs_err_pid%p.log, -Xlog:gc*,gc+age=trace,safepoint:file=logs/gc.log:utctime,pid,tags:filecount=32,filesize=64m, -Des.cgroups.hierarchy.override=/, -Xms7959m, -Xmx7959m, -XX:MaxDirectMemorySize=4173332480, -XX:G1HeapRegionSize=4m, -XX:InitiatingHeapOccupancyPercent=30, -XX:G1ReservePercent=15, -Des.path.home=/usr/share/elasticsearch, -Des.path.conf=/usr/share/elasticsearch/config, -Des.distribution.flavor=default, -Des.distribution.type=docker, -Des.bundled_jdk=true]" }
{"type": "server", "timestamp": "2021-02-23T11:24:53,805Z", "level": "INFO", "component": "o.e.p.PluginsService", "cluster.name": "docker-cluster", "node.name": "0f8af6a1daa3", "message": "loaded module [aggs-matrix-stats]" }
{"type": "server", "timestamp": "2021-02-23T11:24:53,805Z", "level": "INFO", "component": "o.e.p.PluginsService", "cluster.name": "docker-cluster", "node.name": "0f8af6a1daa3", "message": "loaded module [analysis-common]" }
{"type": "server", "timestamp": "2021-02-23T11:24:53,806Z", "level": "INFO", "component": "o.e.p.PluginsService", "cluster.name": "docker-cluster", "node.name": "0f8af6a1daa3", "message": "loaded module [constant-keyword]" }
{"type": "server", "timestamp": "2021-02-23T11:24:53,806Z", "level": "INFO", "component": "o.e.p.PluginsService", "cluster.name": "docker-cluster", "node.name": "0f8af6a1daa3", "message": "loaded module [flattened]" }
{"type": "server", "timestamp": "2021-02-23T11:24:53,810Z", "level": "INFO", "component": "o.e.p.PluginsService", "cluster.name": "docker-cluster", "node.name": "0f8af6a1daa3", "message": "loaded module [frozen-indices]" }
{"type": "server", "timestamp": "2021-02-23T11:24:53,810Z", "level": "INFO", "component": "o.e.p.PluginsService", "cluster.name": "docker-cluster", "node.name": "0f8af6a1daa3", "message": "loaded module [ingest-common]" }
{"type": "server", "timestamp": "2021-02-23T11:24:53,811Z", "level": "INFO", "component": "o.e.p.PluginsService", "cluster.name": "docker-cluster", "node.name": "0f8af6a1daa3", "message": "loaded module [ingest-geoip]" }
{"type": "server", "timestamp": "2021-02-23T11:24:53,811Z", "level": "INFO", "component": "o.e.p.PluginsService", "cluster.name": "docker-cluster", "node.name": "0f8af6a1daa3", "message": "loaded module [ingest-user-agent]" }
{"type": "server", "timestamp": "2021-02-23T11:24:53,812Z", "level": "INFO", "component": "o.e.p.PluginsService", "cluster.name": "docker-cluster", "node.name": "0f8af6a1daa3", "message": "loaded module [kibana]" }
{"type": "server", "timestamp": "2021-02-23T11:24:53,812Z", "level": "INFO", "component": "o.e.p.PluginsService", "cluster.name": "docker-cluster", "node.name": "0f8af6a1daa3", "message": "loaded module [lang-expression]" }
{"type": "server", "timestamp": "2021-02-23T11:24:53,812Z", "level": "INFO", "component": "o.e.p.PluginsService", "cluster.name": "docker-cluster", "node.name": "0f8af6a1daa3", "message": "loaded module [lang-mustache]" }
{"type": "server", "timestamp": "2021-02-23T11:24:53,813Z", "level": "INFO", "component": "o.e.p.PluginsService", "cluster.name": "docker-cluster", "node.name": "0f8af6a1daa3", "message": "loaded module [lang-painless]" }
{"type": "server", "timestamp": "2021-02-23T11:24:53,813Z", "level": "INFO", "component": "o.e.p.PluginsService", "cluster.name": "docker-cluster", "node.name": "0f8af6a1daa3", "message": "loaded module [mapper-extras]" }
{"type": "server", "timestamp": "2021-02-23T11:24:53,813Z", "level": "INFO", "component": "o.e.p.PluginsService", "cluster.name": "docker-cluster", "node.name": "0f8af6a1daa3", "message": "loaded module [mapper-version]" }
{"type": "server", "timestamp": "2021-02-23T11:24:53,814Z", "level": "INFO", "component": "o.e.p.PluginsService", "cluster.name": "docker-cluster", "node.name": "0f8af6a1daa3", "message": "loaded module [parent-join]" }
{"type": "server", "timestamp": "2021-02-23T11:24:53,814Z", "level": "INFO", "component": "o.e.p.PluginsService", "cluster.name": "docker-cluster", "node.name": "0f8af6a1daa3", "message": "loaded module [percolator]" }
{"type": "server", "timestamp": "2021-02-23T11:24:53,814Z", "level": "INFO", "component": "o.e.p.PluginsService", "cluster.name": "docker-cluster", "node.name": "0f8af6a1daa3", "message": "loaded module [rank-eval]" }
{"type": "server", "timestamp": "2021-02-23T11:24:53,815Z", "level": "INFO", "component": "o.e.p.PluginsService", "cluster.name": "docker-cluster", "node.name": "0f8af6a1daa3", "message": "loaded module [reindex]" }
{"type": "server", "timestamp": "2021-02-23T11:24:53,815Z", "level": "INFO", "component": "o.e.p.PluginsService", "cluster.name": "docker-cluster", "node.name": "0f8af6a1daa3", "message": "loaded module [repositories-metering-api]" }
{"type": "server", "timestamp": "2021-02-23T11:24:53,816Z", "level": "INFO", "component": "o.e.p.PluginsService", "cluster.name": "docker-cluster", "node.name": "0f8af6a1daa3", "message": "loaded module [repository-url]" }
{"type": "server", "timestamp": "2021-02-23T11:24:53,816Z", "level": "INFO", "component": "o.e.p.PluginsService", "cluster.name": "docker-cluster", "node.name": "0f8af6a1daa3", "message": "loaded module [search-business-rules]" }
{"type": "server", "timestamp": "2021-02-23T11:24:53,816Z", "level": "INFO", "component": "o.e.p.PluginsService", "cluster.name": "docker-cluster", "node.name": "0f8af6a1daa3", "message": "loaded module [searchable-snapshots]" }
{"type": "server", "timestamp": "2021-02-23T11:24:53,817Z", "level": "INFO", "component": "o.e.p.PluginsService", "cluster.name": "docker-cluster", "node.name": "0f8af6a1daa3", "message": "loaded module [spatial]" }
{"type": "server", "timestamp": "2021-02-23T11:24:53,817Z", "level": "INFO", "component": "o.e.p.PluginsService", "cluster.name": "docker-cluster", "node.name": "0f8af6a1daa3", "message": "loaded module [transform]" }
{"type": "server", "timestamp": "2021-02-23T11:24:53,817Z", "level": "INFO", "component": "o.e.p.PluginsService", "cluster.name": "docker-cluster", "node.name": "0f8af6a1daa3", "message": "loaded module [transport-netty4]" }
{"type": "server", "timestamp": "2021-02-23T11:24:53,818Z", "level": "INFO", "component": "o.e.p.PluginsService", "cluster.name": "docker-cluster", "node.name": "0f8af6a1daa3", "message": "loaded module [unsigned-long]" }
{"type": "server", "timestamp": "2021-02-23T11:24:53,818Z", "level": "INFO", "component": "o.e.p.PluginsService", "cluster.name": "docker-cluster", "node.name": "0f8af6a1daa3", "message": "loaded module [vectors]" }
{"type": "server", "timestamp": "2021-02-23T11:24:53,818Z", "level": "INFO", "component": "o.e.p.PluginsService", "cluster.name": "docker-cluster", "node.name": "0f8af6a1daa3", "message": "loaded module [wildcard]" }
{"type": "server", "timestamp": "2021-02-23T11:24:53,818Z", "level": "INFO", "component": "o.e.p.PluginsService", "cluster.name": "docker-cluster", "node.name": "0f8af6a1daa3", "message": "loaded module [x-pack-aggregate-metric]" }
{"type": "server", "timestamp": "2021-02-23T11:24:53,819Z", "level": "INFO", "component": "o.e.p.PluginsService", "cluster.name": "docker-cluster", "node.name": "0f8af6a1daa3", "message": "loaded module [x-pack-analytics]" }
{"type": "server", "timestamp": "2021-02-23T11:24:53,819Z", "level": "INFO", "component": "o.e.p.PluginsService", "cluster.name": "docker-cluster", "node.name": "0f8af6a1daa3", "message": "loaded module [x-pack-async]" }
{"type": "server", "timestamp": "2021-02-23T11:24:53,819Z", "level": "INFO", "component": "o.e.p.PluginsService", "cluster.name": "docker-cluster", "node.name": "0f8af6a1daa3", "message": "loaded module [x-pack-async-search]" }
{"type": "server", "timestamp": "2021-02-23T11:24:53,819Z", "level": "INFO", "component": "o.e.p.PluginsService", "cluster.name": "docker-cluster", "node.name": "0f8af6a1daa3", "message": "loaded module [x-pack-autoscaling]" }
{"type": "server", "timestamp": "2021-02-23T11:24:53,820Z", "level": "INFO", "component": "o.e.p.PluginsService", "cluster.name": "docker-cluster", "node.name": "0f8af6a1daa3", "message": "loaded module [x-pack-ccr]" }
{"type": "server", "timestamp": "2021-02-23T11:24:53,820Z", "level": "INFO", "component": "o.e.p.PluginsService", "cluster.name": "docker-cluster", "node.name": "0f8af6a1daa3", "message": "loaded module [x-pack-core]" }
{"type": "server", "timestamp": "2021-02-23T11:24:53,820Z", "level": "INFO", "component": "o.e.p.PluginsService", "cluster.name": "docker-cluster", "node.name": "0f8af6a1daa3", "message": "loaded module [x-pack-data-streams]" }
{"type": "server", "timestamp": "2021-02-23T11:24:53,821Z", "level": "INFO", "component": "o.e.p.PluginsService", "cluster.name": "docker-cluster", "node.name": "0f8af6a1daa3", "message": "loaded module [x-pack-deprecation]" }
{"type": "server", "timestamp": "2021-02-23T11:24:53,821Z", "level": "INFO", "component": "o.e.p.PluginsService", "cluster.name": "docker-cluster", "node.name": "0f8af6a1daa3", "message": "loaded module [x-pack-enrich]" }
{"type": "server", "timestamp": "2021-02-23T11:24:53,821Z", "level": "INFO", "component": "o.e.p.PluginsService", "cluster.name": "docker-cluster", "node.name": "0f8af6a1daa3", "message": "loaded module [x-pack-eql]" }
{"type": "server", "timestamp": "2021-02-23T11:24:53,822Z", "level": "INFO", "component": "o.e.p.PluginsService", "cluster.name": "docker-cluster", "node.name": "0f8af6a1daa3", "message": "loaded module [x-pack-fleet]" }
{"type": "server", "timestamp": "2021-02-23T11:24:53,822Z", "level": "INFO", "component": "o.e.p.PluginsService", "cluster.name": "docker-cluster", "node.name": "0f8af6a1daa3", "message": "loaded module [x-pack-graph]" }
{"type": "server", "timestamp": "2021-02-23T11:24:53,822Z", "level": "INFO", "component": "o.e.p.PluginsService", "cluster.name": "docker-cluster", "node.name": "0f8af6a1daa3", "message": "loaded module [x-pack-identity-provider]" }
{"type": "server", "timestamp": "2021-02-23T11:24:53,823Z", "level": "INFO", "component": "o.e.p.PluginsService", "cluster.name": "docker-cluster", "node.name": "0f8af6a1daa3", "message": "loaded module [x-pack-ilm]" }
{"type": "server", "timestamp": "2021-02-23T11:24:53,823Z", "level": "INFO", "component": "o.e.p.PluginsService", "cluster.name": "docker-cluster", "node.name": "0f8af6a1daa3", "message": "loaded module [x-pack-ingest]" }
{"type": "server", "timestamp": "2021-02-23T11:24:53,823Z", "level": "INFO", "component": "o.e.p.PluginsService", "cluster.name": "docker-cluster", "node.name": "0f8af6a1daa3", "message": "loaded module [x-pack-logstash]" }
{"type": "server", "timestamp": "2021-02-23T11:24:53,823Z", "level": "INFO", "component": "o.e.p.PluginsService", "cluster.name": "docker-cluster", "node.name": "0f8af6a1daa3", "message": "loaded module [x-pack-ml]" }
{"type": "server", "timestamp": "2021-02-23T11:24:53,824Z", "level": "INFO", "component": "o.e.p.PluginsService", "cluster.name": "docker-cluster", "node.name": "0f8af6a1daa3", "message": "loaded module [x-pack-monitoring]" }
{"type": "server", "timestamp": "2021-02-23T11:24:53,824Z", "level": "INFO", "component": "o.e.p.PluginsService", "cluster.name": "docker-cluster", "node.name": "0f8af6a1daa3", "message": "loaded module [x-pack-ql]" }
{"type": "server", "timestamp": "2021-02-23T11:24:53,824Z", "level": "INFO", "component": "o.e.p.PluginsService", "cluster.name": "docker-cluster", "node.name": "0f8af6a1daa3", "message": "loaded module [x-pack-rollup]" }
{"type": "server", "timestamp": "2021-02-23T11:24:53,824Z", "level": "INFO", "component": "o.e.p.PluginsService", "cluster.name": "docker-cluster", "node.name": "0f8af6a1daa3", "message": "loaded module [x-pack-runtime-fields]" }
{"type": "server", "timestamp": "2021-02-23T11:24:53,825Z", "level": "INFO", "component": "o.e.p.PluginsService", "cluster.name": "docker-cluster", "node.name": "0f8af6a1daa3", "message": "loaded module [x-pack-security]" }
{"type": "server", "timestamp": "2021-02-23T11:24:53,825Z", "level": "INFO", "component": "o.e.p.PluginsService", "cluster.name": "docker-cluster", "node.name": "0f8af6a1daa3", "message": "loaded module [x-pack-sql]" }
{"type": "server", "timestamp": "2021-02-23T11:24:53,825Z", "level": "INFO", "component": "o.e.p.PluginsService", "cluster.name": "docker-cluster", "node.name": "0f8af6a1daa3", "message": "loaded module [x-pack-stack]" }
{"type": "server", "timestamp": "2021-02-23T11:24:53,825Z", "level": "INFO", "component": "o.e.p.PluginsService", "cluster.name": "docker-cluster", "node.name": "0f8af6a1daa3", "message": "loaded module [x-pack-voting-only-node]" }
{"type": "server", "timestamp": "2021-02-23T11:24:53,826Z", "level": "INFO", "component": "o.e.p.PluginsService", "cluster.name": "docker-cluster", "node.name": "0f8af6a1daa3", "message": "loaded module [x-pack-watcher]" }
{"type": "server", "timestamp": "2021-02-23T11:24:53,826Z", "level": "INFO", "component": "o.e.p.PluginsService", "cluster.name": "docker-cluster", "node.name": "0f8af6a1daa3", "message": "no plugins loaded" }
{"type": "server", "timestamp": "2021-02-23T11:24:53,919Z", "level": "INFO", "component": "o.e.e.NodeEnvironment", "cluster.name": "docker-cluster", "node.name": "0f8af6a1daa3", "message": "using [1] data paths, mounts [[/ (overlay)]], net usable_space [36.3gb], net total_space [109gb], types [overlay]" }
{"type": "server", "timestamp": "2021-02-23T11:24:53,919Z", "level": "INFO", "component": "o.e.e.NodeEnvironment", "cluster.name": "docker-cluster", "node.name": "0f8af6a1daa3", "message": "heap size [7.7gb], compressed ordinary object pointers [true]" }
{"type": "server", "timestamp": "2021-02-23T11:24:54,026Z", "level": "INFO", "component": "o.e.n.Node", "cluster.name": "docker-cluster", "node.name": "0f8af6a1daa3", "message": "node name [0f8af6a1daa3], node ID [Ef0nCPu2Q02K-h68DtehtQ], cluster name [docker-cluster], roles [transform, master, remote_cluster_client, data, ml, data_content, data_hot, data_warm, data_cold, ingest]" }
{"type": "server", "timestamp": "2021-02-23T11:25:00,647Z", "level": "INFO", "component": "o.e.x.m.p.l.CppLogMessageHandler", "cluster.name": "docker-cluster", "node.name": "0f8af6a1daa3", "message": "[controller/202] [Main.cc@117] controller (64 bit): Version 7.11.1 (Build b7aec245e3d54f) Copyright (c) 2021 Elasticsearch BV" }
{"type": "server", "timestamp": "2021-02-23T11:25:01,247Z", "level": "INFO", "component": "o.e.x.s.a.s.FileRolesStore", "cluster.name": "docker-cluster", "node.name": "0f8af6a1daa3", "message": "parsed [0] roles from file [/usr/share/elasticsearch/config/roles.yml]" }
{"type": "server", "timestamp": "2021-02-23T11:25:03,514Z", "level": "INFO", "component": "o.e.t.NettyAllocator", "cluster.name": "docker-cluster", "node.name": "0f8af6a1daa3", "message": "creating NettyAllocator with the following configs: [name=elasticsearch_configured, chunk_size=1mb, suggested_max_allocation_size=1mb, factors={es.unsafe.use_netty_default_chunk_and_page_size=false, g1gc_enabled=true, g1gc_region_size=4mb}]" }
{"type": "server", "timestamp": "2021-02-23T11:25:03,596Z", "level": "INFO", "component": "o.e.d.DiscoveryModule", "cluster.name": "docker-cluster", "node.name": "0f8af6a1daa3", "message": "using discovery type [single-node] and seed hosts providers [settings]" }
{"type": "server", "timestamp": "2021-02-23T11:25:04,111Z", "level": "INFO", "component": "o.e.g.DanglingIndicesState", "cluster.name": "docker-cluster", "node.name": "0f8af6a1daa3", "message": "gateway.auto_import_dangling_indices is disabled, dangling indices will not be automatically detected or imported and must be managed manually" }
{"type": "server", "timestamp": "2021-02-23T11:25:04,618Z", "level": "INFO", "component": "o.e.n.Node", "cluster.name": "docker-cluster", "node.name": "0f8af6a1daa3", "message": "initialized" }
{"type": "server", "timestamp": "2021-02-23T11:25:04,619Z", "level": "INFO", "component": "o.e.n.Node", "cluster.name": "docker-cluster", "node.name": "0f8af6a1daa3", "message": "starting ..." }
{"type": "server", "timestamp": "2021-02-23T11:25:04,632Z", "level": "INFO", "component": "o.e.x.s.c.PersistentCache", "cluster.name": "docker-cluster", "node.name": "0f8af6a1daa3", "message": "persistent cache index loaded" }
{"type": "server", "timestamp": "2021-02-23T11:25:04,751Z", "level": "INFO", "component": "o.e.t.TransportService", "cluster.name": "docker-cluster", "node.name": "0f8af6a1daa3", "message": "publish_address {172.17.0.2:9300}, bound_addresses {0.0.0.0:9300}" }
{"type": "server", "timestamp": "2021-02-23T11:25:04,908Z", "level": "INFO", "component": "o.e.c.c.Coordinator", "cluster.name": "docker-cluster", "node.name": "0f8af6a1daa3", "message": "setting initial configuration to VotingConfiguration{Ef0nCPu2Q02K-h68DtehtQ}" }
{"type": "server", "timestamp": "2021-02-23T11:25:05,011Z", "level": "INFO", "component": "o.e.c.s.MasterService", "cluster.name": "docker-cluster", "node.name": "0f8af6a1daa3", "message": "elected-as-master ([1] nodes joined)[{0f8af6a1daa3}{Ef0nCPu2Q02K-h68DtehtQ}{xvurRFS1RomR6k2WQ0dlmA}{172.17.0.2}{172.17.0.2:9300}{cdhilmrstw}{ml.machine_memory=16692957184, xpack.installed=true, transform.node=true, ml.max_open_jobs=20, ml.max_jvm_size=8346664960} elect leader, _BECOME_MASTER_TASK_, _FINISH_ELECTION_], term: 1, version: 1, delta: master node changed {previous [], current [{0f8af6a1daa3}{Ef0nCPu2Q02K-h68DtehtQ}{xvurRFS1RomR6k2WQ0dlmA}{172.17.0.2}{172.17.0.2:9300}{cdhilmrstw}{ml.machine_memory=16692957184, xpack.installed=true, transform.node=true, ml.max_open_jobs=20, ml.max_jvm_size=8346664960}]}" }
{"type": "server", "timestamp": "2021-02-23T11:25:05,051Z", "level": "INFO", "component": "o.e.c.c.CoordinationState", "cluster.name": "docker-cluster", "node.name": "0f8af6a1daa3", "message": "cluster UUID set to [eNZVhRi3QN23IRFLxOfRGQ]" }
{"type": "server", "timestamp": "2021-02-23T11:25:05,073Z", "level": "INFO", "component": "o.e.c.s.ClusterApplierService", "cluster.name": "docker-cluster", "node.name": "0f8af6a1daa3", "message": "master node changed {previous [], current [{0f8af6a1daa3}{Ef0nCPu2Q02K-h68DtehtQ}{xvurRFS1RomR6k2WQ0dlmA}{172.17.0.2}{172.17.0.2:9300}{cdhilmrstw}{ml.machine_memory=16692957184, xpack.installed=true, transform.node=true, ml.max_open_jobs=20, ml.max_jvm_size=8346664960}]}, term: 1, version: 1, reason: Publication{term=1, version=1}" }
{"type": "server", "timestamp": "2021-02-23T11:25:05,119Z", "level": "INFO", "component": "o.e.h.AbstractHttpServerTransport", "cluster.name": "docker-cluster", "node.name": "0f8af6a1daa3", "message": "publish_address {172.17.0.2:9200}, bound_addresses {0.0.0.0:9200}", "cluster.uuid": "eNZVhRi3QN23IRFLxOfRGQ", "node.id": "Ef0nCPu2Q02K-h68DtehtQ"  }
{"type": "server", "timestamp": "2021-02-23T11:25:05,119Z", "level": "INFO", "component": "o.e.n.Node", "cluster.name": "docker-cluster", "node.name": "0f8af6a1daa3", "message": "started", "cluster.uuid": "eNZVhRi3QN23IRFLxOfRGQ", "node.id": "Ef0nCPu2Q02K-h68DtehtQ"  }
{"type": "server", "timestamp": "2021-02-23T11:25:05,120Z", "level": "INFO", "component": "o.e.x.c.t.IndexTemplateRegistry", "cluster.name": "docker-cluster", "node.name": "0f8af6a1daa3", "message": "adding legacy template [.ml-anomalies-] for [ml], because it doesn't exist", "cluster.uuid": "eNZVhRi3QN23IRFLxOfRGQ", "node.id": "Ef0nCPu2Q02K-h68DtehtQ"  }
{"type": "server", "timestamp": "2021-02-23T11:25:05,121Z", "level": "INFO", "component": "o.e.x.c.t.IndexTemplateRegistry", "cluster.name": "docker-cluster", "node.name": "0f8af6a1daa3", "message": "adding legacy template [.ml-state] for [ml], because it doesn't exist", "cluster.uuid": "eNZVhRi3QN23IRFLxOfRGQ", "node.id": "Ef0nCPu2Q02K-h68DtehtQ"  }
{"type": "server", "timestamp": "2021-02-23T11:25:05,121Z", "level": "INFO", "component": "o.e.x.c.t.IndexTemplateRegistry", "cluster.name": "docker-cluster", "node.name": "0f8af6a1daa3", "message": "adding legacy template [.ml-config] for [ml], because it doesn't exist", "cluster.uuid": "eNZVhRi3QN23IRFLxOfRGQ", "node.id": "Ef0nCPu2Q02K-h68DtehtQ"  }
{"type": "server", "timestamp": "2021-02-23T11:25:05,122Z", "level": "INFO", "component": "o.e.x.c.t.IndexTemplateRegistry", "cluster.name": "docker-cluster", "node.name": "0f8af6a1daa3", "message": "adding legacy template [.ml-inference-000003] for [ml], because it doesn't exist", "cluster.uuid": "eNZVhRi3QN23IRFLxOfRGQ", "node.id": "Ef0nCPu2Q02K-h68DtehtQ"  }
{"type": "server", "timestamp": "2021-02-23T11:25:05,122Z", "level": "INFO", "component": "o.e.x.c.t.IndexTemplateRegistry", "cluster.name": "docker-cluster", "node.name": "0f8af6a1daa3", "message": "adding legacy template [.ml-meta] for [ml], because it doesn't exist", "cluster.uuid": "eNZVhRi3QN23IRFLxOfRGQ", "node.id": "Ef0nCPu2Q02K-h68DtehtQ"  }
{"type": "server", "timestamp": "2021-02-23T11:25:05,123Z", "level": "INFO", "component": "o.e.x.c.t.IndexTemplateRegistry", "cluster.name": "docker-cluster", "node.name": "0f8af6a1daa3", "message": "adding legacy template [.ml-notifications-000001] for [ml], because it doesn't exist", "cluster.uuid": "eNZVhRi3QN23IRFLxOfRGQ", "node.id": "Ef0nCPu2Q02K-h68DtehtQ"  }
{"type": "server", "timestamp": "2021-02-23T11:25:05,133Z", "level": "INFO", "component": "o.e.x.c.t.IndexTemplateRegistry", "cluster.name": "docker-cluster", "node.name": "0f8af6a1daa3", "message": "adding legacy template [.ml-stats] for [ml], because it doesn't exist", "cluster.uuid": "eNZVhRi3QN23IRFLxOfRGQ", "node.id": "Ef0nCPu2Q02K-h68DtehtQ"  }
{"type": "server", "timestamp": "2021-02-23T11:25:05,224Z", "level": "INFO", "component": "o.e.g.GatewayService", "cluster.name": "docker-cluster", "node.name": "0f8af6a1daa3", "message": "recovered [0] indices into cluster_state", "cluster.uuid": "eNZVhRi3QN23IRFLxOfRGQ", "node.id": "Ef0nCPu2Q02K-h68DtehtQ"  }
{"type": "server", "timestamp": "2021-02-23T11:25:05,479Z", "level": "INFO", "component": "o.e.c.m.MetadataIndexTemplateService", "cluster.name": "docker-cluster", "node.name": "0f8af6a1daa3", "message": "adding template [.ml-state] for index patterns [.ml-state*]", "cluster.uuid": "eNZVhRi3QN23IRFLxOfRGQ", "node.id": "Ef0nCPu2Q02K-h68DtehtQ"  }
{"type": "server", "timestamp": "2021-02-23T11:25:05,546Z", "level": "INFO", "component": "o.e.c.m.MetadataIndexTemplateService", "cluster.name": "docker-cluster", "node.name": "0f8af6a1daa3", "message": "adding template [.ml-inference-000003] for index patterns [.ml-inference-000003]", "cluster.uuid": "eNZVhRi3QN23IRFLxOfRGQ", "node.id": "Ef0nCPu2Q02K-h68DtehtQ"  }
{"type": "server", "timestamp": "2021-02-23T11:25:05,594Z", "level": "INFO", "component": "o.e.c.m.MetadataIndexTemplateService", "cluster.name": "docker-cluster", "node.name": "0f8af6a1daa3", "message": "adding template [.ml-notifications-000001] for index patterns [.ml-notifications-000001]", "cluster.uuid": "eNZVhRi3QN23IRFLxOfRGQ", "node.id": "Ef0nCPu2Q02K-h68DtehtQ"  }
{"type": "server", "timestamp": "2021-02-23T11:25:05,642Z", "level": "INFO", "component": "o.e.c.m.MetadataIndexTemplateService", "cluster.name": "docker-cluster", "node.name": "0f8af6a1daa3", "message": "adding template [.ml-config] for index patterns [.ml-config]", "cluster.uuid": "eNZVhRi3QN23IRFLxOfRGQ", "node.id": "Ef0nCPu2Q02K-h68DtehtQ"  }
{"type": "server", "timestamp": "2021-02-23T11:25:05,717Z", "level": "INFO", "component": "o.e.c.m.MetadataIndexTemplateService", "cluster.name": "docker-cluster", "node.name": "0f8af6a1daa3", "message": "adding template [.ml-anomalies-] for index patterns [.ml-anomalies-*]", "cluster.uuid": "eNZVhRi3QN23IRFLxOfRGQ", "node.id": "Ef0nCPu2Q02K-h68DtehtQ"  }
{"type": "server", "timestamp": "2021-02-23T11:25:05,756Z", "level": "INFO", "component": "o.e.c.m.MetadataIndexTemplateService", "cluster.name": "docker-cluster", "node.name": "0f8af6a1daa3", "message": "adding template [.ml-meta] for index patterns [.ml-meta]", "cluster.uuid": "eNZVhRi3QN23IRFLxOfRGQ", "node.id": "Ef0nCPu2Q02K-h68DtehtQ"  }
{"type": "server", "timestamp": "2021-02-23T11:25:05,799Z", "level": "INFO", "component": "o.e.c.m.MetadataIndexTemplateService", "cluster.name": "docker-cluster", "node.name": "0f8af6a1daa3", "message": "adding template [.ml-stats] for index patterns [.ml-stats-*]", "cluster.uuid": "eNZVhRi3QN23IRFLxOfRGQ", "node.id": "Ef0nCPu2Q02K-h68DtehtQ"  }
{"type": "server", "timestamp": "2021-02-23T11:25:05,837Z", "level": "INFO", "component": "o.e.c.m.MetadataIndexTemplateService", "cluster.name": "docker-cluster", "node.name": "0f8af6a1daa3", "message": "adding component template [metrics-mappings]", "cluster.uuid": "eNZVhRi3QN23IRFLxOfRGQ", "node.id": "Ef0nCPu2Q02K-h68DtehtQ"  }
{"type": "server", "timestamp": "2021-02-23T11:25:05,873Z", "level": "INFO", "component": "o.e.c.m.MetadataIndexTemplateService", "cluster.name": "docker-cluster", "node.name": "0f8af6a1daa3", "message": "adding component template [synthetics-settings]", "cluster.uuid": "eNZVhRi3QN23IRFLxOfRGQ", "node.id": "Ef0nCPu2Q02K-h68DtehtQ"  }
{"type": "server", "timestamp": "2021-02-23T11:25:05,906Z", "level": "INFO", "component": "o.e.c.m.MetadataIndexTemplateService", "cluster.name": "docker-cluster", "node.name": "0f8af6a1daa3", "message": "adding component template [synthetics-mappings]", "cluster.uuid": "eNZVhRi3QN23IRFLxOfRGQ", "node.id": "Ef0nCPu2Q02K-h68DtehtQ"  }
{"type": "server", "timestamp": "2021-02-23T11:25:05,936Z", "level": "INFO", "component": "o.e.c.m.MetadataIndexTemplateService", "cluster.name": "docker-cluster", "node.name": "0f8af6a1daa3", "message": "adding component template [logs-settings]", "cluster.uuid": "eNZVhRi3QN23IRFLxOfRGQ", "node.id": "Ef0nCPu2Q02K-h68DtehtQ"  }
{"type": "server", "timestamp": "2021-02-23T11:25:05,966Z", "level": "INFO", "component": "o.e.c.m.MetadataIndexTemplateService", "cluster.name": "docker-cluster", "node.name": "0f8af6a1daa3", "message": "adding component template [metrics-settings]", "cluster.uuid": "eNZVhRi3QN23IRFLxOfRGQ", "node.id": "Ef0nCPu2Q02K-h68DtehtQ"  }
{"type": "server", "timestamp": "2021-02-23T11:25:05,999Z", "level": "INFO", "component": "o.e.c.m.MetadataIndexTemplateService", "cluster.name": "docker-cluster", "node.name": "0f8af6a1daa3", "message": "adding component template [logs-mappings]", "cluster.uuid": "eNZVhRi3QN23IRFLxOfRGQ", "node.id": "Ef0nCPu2Q02K-h68DtehtQ"  }
{"type": "server", "timestamp": "2021-02-23T11:25:06,058Z", "level": "INFO", "component": "o.e.c.m.MetadataIndexTemplateService", "cluster.name": "docker-cluster", "node.name": "0f8af6a1daa3", "message": "adding index template [.watch-history-13] for index patterns [.watcher-history-13*]", "cluster.uuid": "eNZVhRi3QN23IRFLxOfRGQ", "node.id": "Ef0nCPu2Q02K-h68DtehtQ"  }
{"type": "server", "timestamp": "2021-02-23T11:25:06,097Z", "level": "INFO", "component": "o.e.c.m.MetadataIndexTemplateService", "cluster.name": "docker-cluster", "node.name": "0f8af6a1daa3", "message": "adding index template [.watches] for index patterns [.watches*]", "cluster.uuid": "eNZVhRi3QN23IRFLxOfRGQ", "node.id": "Ef0nCPu2Q02K-h68DtehtQ"  }
{"type": "server", "timestamp": "2021-02-23T11:25:06,134Z", "level": "INFO", "component": "o.e.c.m.MetadataIndexTemplateService", "cluster.name": "docker-cluster", "node.name": "0f8af6a1daa3", "message": "adding index template [.triggered_watches] for index patterns [.triggered_watches*]", "cluster.uuid": "eNZVhRi3QN23IRFLxOfRGQ", "node.id": "Ef0nCPu2Q02K-h68DtehtQ"  }
{"type": "server", "timestamp": "2021-02-23T11:25:06,175Z", "level": "INFO", "component": "o.e.c.m.MetadataIndexTemplateService", "cluster.name": "docker-cluster", "node.name": "0f8af6a1daa3", "message": "adding index template [ilm-history] for index patterns [ilm-history-5*]", "cluster.uuid": "eNZVhRi3QN23IRFLxOfRGQ", "node.id": "Ef0nCPu2Q02K-h68DtehtQ"  }
{"type": "server", "timestamp": "2021-02-23T11:25:06,214Z", "level": "INFO", "component": "o.e.c.m.MetadataIndexTemplateService", "cluster.name": "docker-cluster", "node.name": "0f8af6a1daa3", "message": "adding index template [.slm-history] for index patterns [.slm-history-5*]", "cluster.uuid": "eNZVhRi3QN23IRFLxOfRGQ", "node.id": "Ef0nCPu2Q02K-h68DtehtQ"  }
{"type": "server", "timestamp": "2021-02-23T11:25:06,251Z", "level": "INFO", "component": "o.e.c.m.MetadataIndexTemplateService", "cluster.name": "docker-cluster", "node.name": "0f8af6a1daa3", "message": "adding template [.monitoring-alerts-7] for index patterns [.monitoring-alerts-7]", "cluster.uuid": "eNZVhRi3QN23IRFLxOfRGQ", "node.id": "Ef0nCPu2Q02K-h68DtehtQ"  }
{"type": "server", "timestamp": "2021-02-23T11:25:06,306Z", "level": "INFO", "component": "o.e.c.m.MetadataIndexTemplateService", "cluster.name": "docker-cluster", "node.name": "0f8af6a1daa3", "message": "adding template [.monitoring-es] for index patterns [.monitoring-es-7-*]", "cluster.uuid": "eNZVhRi3QN23IRFLxOfRGQ", "node.id": "Ef0nCPu2Q02K-h68DtehtQ"  }
{"type": "server", "timestamp": "2021-02-23T11:25:06,348Z", "level": "INFO", "component": "o.e.c.m.MetadataIndexTemplateService", "cluster.name": "docker-cluster", "node.name": "0f8af6a1daa3", "message": "adding template [.monitoring-kibana] for index patterns [.monitoring-kibana-7-*]", "cluster.uuid": "eNZVhRi3QN23IRFLxOfRGQ", "node.id": "Ef0nCPu2Q02K-h68DtehtQ"  }
{"type": "server", "timestamp": "2021-02-23T11:25:06,390Z", "level": "INFO", "component": "o.e.c.m.MetadataIndexTemplateService", "cluster.name": "docker-cluster", "node.name": "0f8af6a1daa3", "message": "adding template [.monitoring-logstash] for index patterns [.monitoring-logstash-7-*]", "cluster.uuid": "eNZVhRi3QN23IRFLxOfRGQ", "node.id": "Ef0nCPu2Q02K-h68DtehtQ"  }
{"type": "server", "timestamp": "2021-02-23T11:25:06,431Z", "level": "INFO", "component": "o.e.c.m.MetadataIndexTemplateService", "cluster.name": "docker-cluster", "node.name": "0f8af6a1daa3", "message": "adding template [.monitoring-beats] for index patterns [.monitoring-beats-7-*]", "cluster.uuid": "eNZVhRi3QN23IRFLxOfRGQ", "node.id": "Ef0nCPu2Q02K-h68DtehtQ"  }
{"type": "server", "timestamp": "2021-02-23T11:25:06,467Z", "level": "INFO", "component": "o.e.c.m.MetadataIndexTemplateService", "cluster.name": "docker-cluster", "node.name": "0f8af6a1daa3", "message": "adding index template [synthetics] for index patterns [synthetics-*-*]", "cluster.uuid": "eNZVhRi3QN23IRFLxOfRGQ", "node.id": "Ef0nCPu2Q02K-h68DtehtQ"  }
{"type": "server", "timestamp": "2021-02-23T11:25:06,508Z", "level": "INFO", "component": "o.e.c.m.MetadataIndexTemplateService", "cluster.name": "docker-cluster", "node.name": "0f8af6a1daa3", "message": "adding index template [metrics] for index patterns [metrics-*-*]", "cluster.uuid": "eNZVhRi3QN23IRFLxOfRGQ", "node.id": "Ef0nCPu2Q02K-h68DtehtQ"  }
{"type": "server", "timestamp": "2021-02-23T11:25:06,552Z", "level": "INFO", "component": "o.e.c.m.MetadataIndexTemplateService", "cluster.name": "docker-cluster", "node.name": "0f8af6a1daa3", "message": "adding index template [logs] for index patterns [logs-*-*]", "cluster.uuid": "eNZVhRi3QN23IRFLxOfRGQ", "node.id": "Ef0nCPu2Q02K-h68DtehtQ"  }
{"type": "server", "timestamp": "2021-02-23T11:25:06,585Z", "level": "INFO", "component": "o.e.x.i.a.TransportPutLifecycleAction", "cluster.name": "docker-cluster", "node.name": "0f8af6a1daa3", "message": "adding index lifecycle policy [ml-size-based-ilm-policy]", "cluster.uuid": "eNZVhRi3QN23IRFLxOfRGQ", "node.id": "Ef0nCPu2Q02K-h68DtehtQ"  }
{"type": "server", "timestamp": "2021-02-23T11:25:06,629Z", "level": "INFO", "component": "o.e.x.i.a.TransportPutLifecycleAction", "cluster.name": "docker-cluster", "node.name": "0f8af6a1daa3", "message": "adding index lifecycle policy [logs]", "cluster.uuid": "eNZVhRi3QN23IRFLxOfRGQ", "node.id": "Ef0nCPu2Q02K-h68DtehtQ"  }
{"type": "server", "timestamp": "2021-02-23T11:25:06,661Z", "level": "INFO", "component": "o.e.x.i.a.TransportPutLifecycleAction", "cluster.name": "docker-cluster", "node.name": "0f8af6a1daa3", "message": "adding index lifecycle policy [synthetics]", "cluster.uuid": "eNZVhRi3QN23IRFLxOfRGQ", "node.id": "Ef0nCPu2Q02K-h68DtehtQ"  }
{"type": "server", "timestamp": "2021-02-23T11:25:06,692Z", "level": "INFO", "component": "o.e.x.i.a.TransportPutLifecycleAction", "cluster.name": "docker-cluster", "node.name": "0f8af6a1daa3", "message": "adding index lifecycle policy [metrics]", "cluster.uuid": "eNZVhRi3QN23IRFLxOfRGQ", "node.id": "Ef0nCPu2Q02K-h68DtehtQ"  }
{"type": "server", "timestamp": "2021-02-23T11:25:06,723Z", "level": "INFO", "component": "o.e.x.i.a.TransportPutLifecycleAction", "cluster.name": "docker-cluster", "node.name": "0f8af6a1daa3", "message": "adding index lifecycle policy [watch-history-ilm-policy]", "cluster.uuid": "eNZVhRi3QN23IRFLxOfRGQ", "node.id": "Ef0nCPu2Q02K-h68DtehtQ"  }
{"type": "server", "timestamp": "2021-02-23T11:25:06,753Z", "level": "INFO", "component": "o.e.x.i.a.TransportPutLifecycleAction", "cluster.name": "docker-cluster", "node.name": "0f8af6a1daa3", "message": "adding index lifecycle policy [ilm-history-ilm-policy]", "cluster.uuid": "eNZVhRi3QN23IRFLxOfRGQ", "node.id": "Ef0nCPu2Q02K-h68DtehtQ"  }
{"type": "server", "timestamp": "2021-02-23T11:25:06,781Z", "level": "INFO", "component": "o.e.x.i.a.TransportPutLifecycleAction", "cluster.name": "docker-cluster", "node.name": "0f8af6a1daa3", "message": "adding index lifecycle policy [slm-history-ilm-policy]", "cluster.uuid": "eNZVhRi3QN23IRFLxOfRGQ", "node.id": "Ef0nCPu2Q02K-h68DtehtQ"  }
{"type": "server", "timestamp": "2021-02-23T11:25:06,882Z", "level": "INFO", "component": "o.e.l.LicenseService", "cluster.name": "docker-cluster", "node.name": "0f8af6a1daa3", "message": "license [1864d84a-a716-4b17-8197-e338b0ca0ea1] mode [basic] - valid", "cluster.uuid": "eNZVhRi3QN23IRFLxOfRGQ", "node.id": "Ef0nCPu2Q02K-h68DtehtQ"  }
{"type": "server", "timestamp": "2021-02-23T11:25:06,884Z", "level": "INFO", "component": "o.e.x.s.s.SecurityStatusChangeListener", "cluster.name": "docker-cluster", "node.name": "0f8af6a1daa3", "message": "Active license is now [BASIC]; Security is disabled", "cluster.uuid": "eNZVhRi3QN23IRFLxOfRGQ", "node.id": "Ef0nCPu2Q02K-h68DtehtQ"  }

